 +-----------------------------------------------------------------+
 +                         Program ANPHON                          +
 +                             Ver.  1.5.0                         +
 +-----------------------------------------------------------------+

 Job started at Wed Feb 14 15:48:45 2024

 The number of MPI processes: 1
 The number of OpenMP threads: 8


 Input variables:
 -----------------------------------------------------------------
 General:
  PREFIX = si222
  MODE = PHONONS
  FCSXML = si222_harm.xml

  NKD = 1; KD =   Si
  MASS =    28.0855
  NSYM = 0; TOLERANCE = 0.001; PRINTSYM = 0

  NONANALYTIC = 0

  TMIN = 0; TMAX = 1000; DT = 10
  EMIN = 0; EMAX = 1000; DELTA_E = 10

  ISMEAR = -1; EPSILON = 10

  CLASSICAL = 0
  BCONNECT = 0


 Kpoint:
  KPMODE (1st entry for &kpoint) = 1


 Analysis:
  PRINTVEL = 0
  PRINTVEC = 0
  PRINTXSF = 0

  GRUNEISEN = 0
  NEWFCS = 0


 -----------------------------------------------------------------

                      MODE = phonons                         
                                                             
      Phonon calculation within harmonic approximation       
      Harmonic force constants will be used.                 

 -----------------------------------------------------------------

 Crystal structure
 =================

 Lattice Vectors:

 * Supercell (from si222_harm.xml )

    2.040600e+01   0.000000e+00   0.000000e+00 : a1
    0.000000e+00   2.040600e+01   0.000000e+00 : a2
    0.000000e+00   0.000000e+00   2.040600e+01 : a3

    3.079087e-01   0.000000e+00   0.000000e+00 : b1
    0.000000e+00   3.079087e-01   0.000000e+00 : b2
    0.000000e+00   0.000000e+00   3.079087e-01 : b3

 * Primitive cell 

    0.000000e+00   5.101500e+00   5.101500e+00 : a1
    5.101500e+00   0.000000e+00   5.101500e+00 : a2
    5.101500e+00   5.101500e+00   0.000000e+00 : a3

   -6.158174e-01   6.158174e-01   6.158174e-01 : b1
    6.158174e-01  -6.158174e-01   6.158174e-01 : b2
    6.158174e-01   6.158174e-01  -6.158174e-01 : b3


  Volume of the primitive cell : 2.655362e+02 (a.u.)^3

  Number of atoms in the supercell     : 64
  Number of atoms in the primitive cell: 2

  Atomic positions in the primitive cell (fractional):
   1:   0.000000e+00   0.000000e+00   0.000000e+00  Si
   2:   2.500000e-01   2.500000e-01   2.500000e-01  Si

  Mass of atomic species (u):
  Si:   28.085500


 Symmetry
 ========

  NSYM = 0 is given: Trying to find symmetry operations.

  Number of symmetry operations : 48
 k points
 ========

  KPMODE = 1: Band structure calculation
  Number of paths : 3

  List of k paths : 
   1:  G (  0.0000  0.0000  0.0000)  X (  0.5000  0.5000  0.0000)  51
   2:  X (  0.5000  0.5000  1.0000)  G (  0.0000  0.0000  0.0000)  51
   3:  G (  0.0000  0.0000  0.0000)  L (  0.5000  0.5000  0.5000)  51

  Number of k points : 153

 Force constant
 ==============

  Reading force constants from the XML file ... done !
  Number of non-zero IFCs for 2 order: 294

  Maximum deviation from the translational invariance: 
   Order 2 :   1.6653e-16


 Dynamical matrix
 ================

  NONANALYTIC = 0 : No non-analytic correction. 


 -----------------------------------------------------------------


 ISMEAR = -1: Tetrahedron method will be used.

 Now, move on to phonon calculations.

 Diagonalizing dynamical matrices for all k points ... done!

 -----------------------------------------------------------------

 Phonon frequencies below:

 # k point     1 : (  0.0000,  0.0000,  0.0000)
   Mode, Frequency 
      1      0.0000 cm^-1  (      0.0000 THz )
      2      0.0000 cm^-1  (      0.0000 THz )
      3      0.0000 cm^-1  (      0.0000 THz )
      4    603.0180 cm^-1  (     18.0780 THz )
      5    603.0180 cm^-1  (     18.0780 THz )
      6    603.0180 cm^-1  (     18.0780 THz )

 # k point     2 : (  0.0100,  0.0100,  0.0000)
   Mode, Frequency 
      1      6.0469 cm^-1  (      0.1813 THz )
      2      6.0469 cm^-1  (      0.1813 THz )
      3     10.0499 cm^-1  (      0.3013 THz )
      4    602.9530 cm^-1  (     18.0761 THz )
      5    602.9596 cm^-1  (     18.0763 THz )
      6    602.9596 cm^-1  (     18.0763 THz )

 # k point     3 : (  0.0200,  0.0200,  0.0000)
   Mode, Frequency 
      1     12.0917 cm^-1  (      0.3625 THz )
      2     12.0917 cm^-1  (      0.3625 THz )
      3     20.0965 cm^-1  (      0.6025 THz )
      4    602.7579 cm^-1  (     18.0702 THz )
      5    602.7846 cm^-1  (     18.0710 THz )
      6    602.7846 cm^-1  (     18.0710 THz )

 # k point     4 : (  0.0300,  0.0300,  0.0000)
   Mode, Frequency 
      1     18.1324 cm^-1  (      0.5436 THz )
      2     18.1324 cm^-1  (      0.5436 THz )
      3     30.1365 cm^-1  (      0.9035 THz )
      4    602.4327 cm^-1  (     18.0605 THz )
      5    602.4932 cm^-1  (     18.0623 THz )
      6    602.4932 cm^-1  (     18.0623 THz )

 # k point     5 : (  0.0400,  0.0400,  0.0000)
   Mode, Frequency 
      1     24.1668 cm^-1  (      0.7245 THz )
      2     24.1668 cm^-1  (      0.7245 THz )
      3     40.1666 cm^-1  (      1.2042 THz )
      4    601.9774 cm^-1  (     18.0468 THz )
      5    602.0861 cm^-1  (     18.0501 THz )
      6    602.0861 cm^-1  (     18.0501 THz )

 # k point     6 : (  0.0500,  0.0500,  0.0000)
   Mode, Frequency 
      1     30.1929 cm^-1  (      0.9052 THz )
      2     30.1929 cm^-1  (      0.9052 THz )
      3     50.1835 cm^-1  (      1.5045 THz )
      4    601.3919 cm^-1  (     18.0293 THz )
      5    601.5641 cm^-1  (     18.0344 THz )
      6    601.5641 cm^-1  (     18.0344 THz )

 # k point     7 : (  0.0600,  0.0600,  0.0000)
   Mode, Frequency 
      1     36.2083 cm^-1  (      1.0855 THz )
      2     36.2083 cm^-1  (      1.0855 THz )
      3     60.1838 cm^-1  (      1.8043 THz )
      4    600.6762 cm^-1  (     18.0078 THz )
      5    600.9283 cm^-1  (     18.0154 THz )
      6    600.9283 cm^-1  (     18.0154 THz )

 # k point     8 : (  0.0700,  0.0700,  0.0000)
   Mode, Frequency 
      1     42.2108 cm^-1  (      1.2654 THz )
      2     42.2108 cm^-1  (      1.2654 THz )
      3     70.1644 cm^-1  (      2.1035 THz )
      4    599.8303 cm^-1  (     17.9825 THz )
      5    600.1799 cm^-1  (     17.9929 THz )
      6    600.1799 cm^-1  (     17.9929 THz )

 # k point     9 : (  0.0800,  0.0800,  0.0000)
   Mode, Frequency 
      1     48.1981 cm^-1  (      1.4449 THz )
      2     48.1981 cm^-1  (      1.4449 THz )
      3     80.1219 cm^-1  (      2.4020 THz )
      4    598.8540 cm^-1  (     17.9532 THz )
      5    599.3207 cm^-1  (     17.9672 THz )
      6    599.3207 cm^-1  (     17.9672 THz )

 # k point    10 : (  0.0900,  0.0900,  0.0000)
   Mode, Frequency 
      1     54.1676 cm^-1  (      1.6239 THz )
      2     54.1676 cm^-1  (      1.6239 THz )
      3     90.0532 cm^-1  (      2.6997 THz )
      4    597.7474 cm^-1  (     17.9200 THz )
      5    598.3523 cm^-1  (     17.9382 THz )
      6    598.3523 cm^-1  (     17.9382 THz )

 # k point    11 : (  0.1000,  0.1000,  0.0000)
   Mode, Frequency 
      1     60.1169 cm^-1  (      1.8023 THz )
      2     60.1169 cm^-1  (      1.8023 THz )
      3     99.9550 cm^-1  (      2.9966 THz )
      4    596.5102 cm^-1  (     17.8829 THz )
      5    597.2769 cm^-1  (     17.9059 THz )
      6    597.2769 cm^-1  (     17.9059 THz )

 # k point    12 : (  0.1100,  0.1100,  0.0000)
   Mode, Frequency 
      1     66.0432 cm^-1  (      1.9799 THz )
      2     66.0432 cm^-1  (      1.9799 THz )
      3    109.8241 cm^-1  (      3.2924 THz )
      4    595.1424 cm^-1  (     17.8419 THz )
      5    596.0968 cm^-1  (     17.8705 THz )
      6    596.0968 cm^-1  (     17.8705 THz )

 # k point    13 : (  0.1200,  0.1200,  0.0000)
   Mode, Frequency 
      1     71.9437 cm^-1  (      2.1568 THz )
      2     71.9437 cm^-1  (      2.1568 THz )
      3    119.6573 cm^-1  (      3.5872 THz )
      4    593.6440 cm^-1  (     17.7970 THz )
      5    594.8145 cm^-1  (     17.8321 THz )
      6    594.8145 cm^-1  (     17.8321 THz )

 # k point    14 : (  0.1300,  0.1300,  0.0000)
   Mode, Frequency 
      1     77.8153 cm^-1  (      2.3328 THz )
      2     77.8153 cm^-1  (      2.3328 THz )
      3    129.4515 cm^-1  (      3.8809 THz )
      4    592.0148 cm^-1  (     17.7482 THz )
      5    593.4330 cm^-1  (     17.7907 THz )
      6    593.4330 cm^-1  (     17.7907 THz )

 # k point    15 : (  0.1400,  0.1400,  0.0000)
   Mode, Frequency 
      1     83.6549 cm^-1  (      2.5079 THz )
      2     83.6549 cm^-1  (      2.5079 THz )
      3    139.2036 cm^-1  (      4.1732 THz )
      4    590.2547 cm^-1  (     17.6954 THz )
      5    591.9555 cm^-1  (     17.7464 THz )
      6    591.9555 cm^-1  (     17.7464 THz )

 # k point    16 : (  0.1500,  0.1500,  0.0000)
   Mode, Frequency 
      1     89.4591 cm^-1  (      2.6819 THz )
      2     89.4591 cm^-1  (      2.6819 THz )
      3    148.9105 cm^-1  (      4.4642 THz )
      4    588.3636 cm^-1  (     17.6387 THz )
      5    590.3853 cm^-1  (     17.6993 THz )
      6    590.3853 cm^-1  (     17.6993 THz )

 # k point    17 : (  0.1600,  0.1600,  0.0000)
   Mode, Frequency 
      1     95.2243 cm^-1  (      2.8548 THz )
      2     95.2243 cm^-1  (      2.8548 THz )
      3    158.5691 cm^-1  (      4.7538 THz )
      4    586.3414 cm^-1  (     17.5781 THz )
      5    588.7261 cm^-1  (     17.6496 THz )
      6    588.7261 cm^-1  (     17.6496 THz )

 # k point    18 : (  0.1700,  0.1700,  0.0000)
   Mode, Frequency 
      1    100.9466 cm^-1  (      3.0263 THz )
      2    100.9466 cm^-1  (      3.0263 THz )
      3    168.1765 cm^-1  (      5.0418 THz )
      4    584.1880 cm^-1  (     17.5135 THz )
      5    586.9822 cm^-1  (     17.5973 THz )
      6    586.9822 cm^-1  (     17.5973 THz )

 # k point    19 : (  0.1800,  0.1800,  0.0000)
   Mode, Frequency 
      1    106.6221 cm^-1  (      3.1964 THz )
      2    106.6221 cm^-1  (      3.1964 THz )
      3    177.7296 cm^-1  (      5.3282 THz )
      4    581.9033 cm^-1  (     17.4450 THz )
      5    585.1578 cm^-1  (     17.5426 THz )
      6    585.1578 cm^-1  (     17.5426 THz )

 # k point    20 : (  0.1900,  0.1900,  0.0000)
   Mode, Frequency 
      1    112.2463 cm^-1  (      3.3651 THz )
      2    112.2463 cm^-1  (      3.3651 THz )
      3    187.2255 cm^-1  (      5.6129 THz )
      4    579.4871 cm^-1  (     17.3726 THz )
      5    583.2575 cm^-1  (     17.4856 THz )
      6    583.2575 cm^-1  (     17.4856 THz )

 # k point    21 : (  0.2000,  0.2000,  0.0000)
   Mode, Frequency 
      1    117.8146 cm^-1  (      3.5320 THz )
      2    117.8146 cm^-1  (      3.5320 THz )
      3    196.6614 cm^-1  (      5.8958 THz )
      4    576.9395 cm^-1  (     17.2962 THz )
      5    581.2866 cm^-1  (     17.4265 THz )
      6    581.2866 cm^-1  (     17.4265 THz )

 # k point    22 : (  0.2100,  0.2100,  0.0000)
   Mode, Frequency 
      1    123.3222 cm^-1  (      3.6971 THz )
      2    123.3222 cm^-1  (      3.6971 THz )
      3    206.0343 cm^-1  (      6.1768 THz )
      4    574.2602 cm^-1  (     17.2159 THz )
      5    579.2503 cm^-1  (     17.3655 THz )
      6    579.2503 cm^-1  (     17.3655 THz )

 # k point    23 : (  0.2200,  0.2200,  0.0000)
   Mode, Frequency 
      1    128.7637 cm^-1  (      3.8602 THz )
      2    128.7637 cm^-1  (      3.8602 THz )
      3    215.3415 cm^-1  (      6.4558 THz )
      4    571.4493 cm^-1  (     17.1316 THz )
      5    577.1544 cm^-1  (     17.3027 THz )
      6    577.1544 cm^-1  (     17.3027 THz )

 # k point    24 : (  0.2300,  0.2300,  0.0000)
   Mode, Frequency 
      1    134.1336 cm^-1  (      4.0212 THz )
      2    134.1336 cm^-1  (      4.0212 THz )
      3    224.5802 cm^-1  (      6.7327 THz )
      4    568.5066 cm^-1  (     17.0434 THz )
      5    575.0050 cm^-1  (     17.2382 THz )
      6    575.0050 cm^-1  (     17.2382 THz )

 # k point    25 : (  0.2400,  0.2400,  0.0000)
   Mode, Frequency 
      1    139.4259 cm^-1  (      4.1799 THz )
      2    139.4259 cm^-1  (      4.1799 THz )
      3    233.7477 cm^-1  (      7.0076 THz )
      4    565.4321 cm^-1  (     16.9512 THz )
      5    572.8087 cm^-1  (     17.1724 THz )
      6    572.8087 cm^-1  (     17.1724 THz )

 # k point    26 : (  0.2500,  0.2500,  0.0000)
   Mode, Frequency 
      1    144.6344 cm^-1  (      4.3360 THz )
      2    144.6344 cm^-1  (      4.3360 THz )
      3    242.8414 cm^-1  (      7.2802 THz )
      4    562.2257 cm^-1  (     16.8551 THz )
      5    570.5725 cm^-1  (     17.1053 THz )
      6    570.5725 cm^-1  (     17.1053 THz )

 # k point    27 : (  0.2600,  0.2600,  0.0000)
   Mode, Frequency 
      1    149.7521 cm^-1  (      4.4895 THz )
      2    149.7521 cm^-1  (      4.4895 THz )
      3    251.8586 cm^-1  (      7.5505 THz )
      4    558.8874 cm^-1  (     16.7550 THz )
      5    568.3036 cm^-1  (     17.0373 THz )
      6    568.3036 cm^-1  (     17.0373 THz )

 # k point    28 : (  0.2700,  0.2700,  0.0000)
   Mode, Frequency 
      1    154.7722 cm^-1  (      4.6400 THz )
      2    154.7722 cm^-1  (      4.6400 THz )
      3    260.7969 cm^-1  (      7.8185 THz )
      4    555.4173 cm^-1  (     16.6510 THz )
      5    566.0098 cm^-1  (     16.9685 THz )
      6    566.0098 cm^-1  (     16.9685 THz )

 # k point    29 : (  0.2800,  0.2800,  0.0000)
   Mode, Frequency 
      1    159.6869 cm^-1  (      4.7873 THz )
      2    159.6869 cm^-1  (      4.7873 THz )
      3    269.6536 cm^-1  (      8.0840 THz )
      4    551.8152 cm^-1  (     16.5430 THz )
      5    563.6993 cm^-1  (     16.8993 THz )
      6    563.6993 cm^-1  (     16.8993 THz )

 # k point    30 : (  0.2900,  0.2900,  0.0000)
   Mode, Frequency 
      1    164.4882 cm^-1  (      4.9312 THz )
      2    164.4882 cm^-1  (      4.9312 THz )
      3    278.4264 cm^-1  (      8.3470 THz )
      4    548.0813 cm^-1  (     16.4311 THz )
      5    561.3809 cm^-1  (     16.8298 THz )
      6    561.3809 cm^-1  (     16.8298 THz )

 # k point    31 : (  0.3000,  0.3000,  0.0000)
   Mode, Frequency 
      1    169.1679 cm^-1  (      5.0715 THz )
      2    169.1679 cm^-1  (      5.0715 THz )
      3    287.1129 cm^-1  (      8.6074 THz )
      4    544.2156 cm^-1  (     16.3152 THz )
      5    559.0635 cm^-1  (     16.7603 THz )
      6    559.0635 cm^-1  (     16.7603 THz )

 # k point    32 : (  0.3100,  0.3100,  0.0000)
   Mode, Frequency 
      1    173.7168 cm^-1  (      5.2079 THz )
      2    173.7168 cm^-1  (      5.2079 THz )
      3    295.7108 cm^-1  (      8.8652 THz )
      4    540.2182 cm^-1  (     16.1953 THz )
      5    556.7566 cm^-1  (     16.6911 THz )
      6    556.7566 cm^-1  (     16.6911 THz )

 # k point    33 : (  0.3200,  0.3200,  0.0000)
   Mode, Frequency 
      1    178.1259 cm^-1  (      5.3401 THz )
      2    178.1259 cm^-1  (      5.3401 THz )
      3    304.2178 cm^-1  (      9.1202 THz )
      4    536.0892 cm^-1  (     16.0715 THz )
      5    554.4704 cm^-1  (     16.6226 THz )
      6    554.4704 cm^-1  (     16.6226 THz )

 # k point    34 : (  0.3300,  0.3300,  0.0000)
   Mode, Frequency 
      1    182.3853 cm^-1  (      5.4678 THz )
      2    182.3853 cm^-1  (      5.4678 THz )
      3    312.6318 cm^-1  (      9.3725 THz )
      4    531.8287 cm^-1  (     15.9438 THz )
      5    552.2150 cm^-1  (     16.5550 THz )
      6    552.2150 cm^-1  (     16.5550 THz )

 # k point    35 : (  0.3400,  0.3400,  0.0000)
   Mode, Frequency 
      1    186.4849 cm^-1  (      5.5907 THz )
      2    186.4849 cm^-1  (      5.5907 THz )
      3    320.9505 cm^-1  (      9.6219 THz )
      4    527.4369 cm^-1  (     15.8122 THz )
      5    550.0012 cm^-1  (     16.4886 THz )
      6    550.0012 cm^-1  (     16.4886 THz )

 # k point    36 : (  0.3500,  0.3500,  0.0000)
   Mode, Frequency 
      1    190.4142 cm^-1  (      5.7085 THz )
      2    190.4142 cm^-1  (      5.7085 THz )
      3    329.1720 cm^-1  (      9.8683 THz )
      4    522.9140 cm^-1  (     15.6766 THz )
      5    547.8401 cm^-1  (     16.4238 THz )
      6    547.8401 cm^-1  (     16.4238 THz )

 # k point    37 : (  0.3600,  0.3600,  0.0000)
   Mode, Frequency 
      1    194.1625 cm^-1  (      5.8208 THz )
      2    194.1625 cm^-1  (      5.8208 THz )
      3    337.2941 cm^-1  (     10.1118 THz )
      4    518.2603 cm^-1  (     15.5371 THz )
      5    545.7431 cm^-1  (     16.3610 THz )
      6    545.7431 cm^-1  (     16.3610 THz )

 # k point    38 : (  0.3700,  0.3700,  0.0000)
   Mode, Frequency 
      1    197.7187 cm^-1  (      5.9275 THz )
      2    197.7187 cm^-1  (      5.9275 THz )
      3    345.3150 cm^-1  (     10.3523 THz )
      4    513.4761 cm^-1  (     15.3936 THz )
      5    543.7218 cm^-1  (     16.3004 THz )
      6    543.7218 cm^-1  (     16.3004 THz )

 # k point    39 : (  0.3800,  0.3800,  0.0000)
   Mode, Frequency 
      1    201.0716 cm^-1  (      6.0280 THz )
      2    201.0716 cm^-1  (      6.0280 THz )
      3    353.2328 cm^-1  (     10.5897 THz )
      4    508.5615 cm^-1  (     15.2463 THz )
      5    541.7879 cm^-1  (     16.2424 THz )
      6    541.7879 cm^-1  (     16.2424 THz )

 # k point    40 : (  0.3900,  0.3900,  0.0000)
   Mode, Frequency 
      1    204.2098 cm^-1  (      6.1221 THz )
      2    204.2098 cm^-1  (      6.1221 THz )
      3    361.0457 cm^-1  (     10.8239 THz )
      4    503.5171 cm^-1  (     15.0951 THz )
      5    539.9531 cm^-1  (     16.1874 THz )
      6    539.9531 cm^-1  (     16.1874 THz )

 # k point    41 : (  0.4000,  0.4000,  0.0000)
   Mode, Frequency 
      1    207.1222 cm^-1  (      6.2094 THz )
      2    207.1222 cm^-1  (      6.2094 THz )
      3    368.7518 cm^-1  (     11.0549 THz )
      4    498.3433 cm^-1  (     14.9400 THz )
      5    538.2293 cm^-1  (     16.1357 THz )
      6    538.2293 cm^-1  (     16.1357 THz )

 # k point    42 : (  0.4100,  0.4100,  0.0000)
   Mode, Frequency 
      1    209.7977 cm^-1  (      6.2896 THz )
      2    209.7977 cm^-1  (      6.2896 THz )
      3    376.3496 cm^-1  (     11.2827 THz )
      4    493.0404 cm^-1  (     14.7810 THz )
      5    536.6278 cm^-1  (     16.0877 THz )
      6    536.6278 cm^-1  (     16.0877 THz )

 # k point    43 : (  0.4200,  0.4200,  0.0000)
   Mode, Frequency 
      1    212.2255 cm^-1  (      6.3624 THz )
      2    212.2255 cm^-1  (      6.3624 THz )
      3    383.8374 cm^-1  (     11.5072 THz )
      4    487.6089 cm^-1  (     14.6181 THz )
      5    535.1599 cm^-1  (     16.0437 THz )
      6    535.1599 cm^-1  (     16.0437 THz )

 # k point    44 : (  0.4300,  0.4300,  0.0000)
   Mode, Frequency 
      1    214.3953 cm^-1  (      6.4274 THz )
      2    214.3953 cm^-1  (      6.4274 THz )
      3    391.2137 cm^-1  (     11.7283 THz )
      4    482.0495 cm^-1  (     14.4515 THz )
      5    533.8361 cm^-1  (     16.0040 THz )
      6    533.8361 cm^-1  (     16.0040 THz )

 # k point    45 : (  0.4400,  0.4400,  0.0000)
   Mode, Frequency 
      1    216.2975 cm^-1  (      6.4844 THz )
      2    216.2975 cm^-1  (      6.4844 THz )
      3    398.4769 cm^-1  (     11.9460 THz )
      4    476.3627 cm^-1  (     14.2810 THz )
      5    532.6665 cm^-1  (     15.9689 THz )
      6    532.6665 cm^-1  (     15.9689 THz )

 # k point    46 : (  0.4500,  0.4500,  0.0000)
   Mode, Frequency 
      1    217.9233 cm^-1  (      6.5332 THz )
      2    217.9233 cm^-1  (      6.5332 THz )
      3    405.6256 cm^-1  (     12.1604 THz )
      4    470.5492 cm^-1  (     14.1067 THz )
      5    531.6602 cm^-1  (     15.9388 THz )
      6    531.6602 cm^-1  (     15.9388 THz )

 # k point    47 : (  0.4600,  0.4600,  0.0000)
   Mode, Frequency 
      1    219.2649 cm^-1  (      6.5734 THz )
      2    219.2649 cm^-1  (      6.5734 THz )
      3    412.6586 cm^-1  (     12.3712 THz )
      4    464.6096 cm^-1  (     13.9286 THz )
      5    530.8251 cm^-1  (     15.9137 THz )
      6    530.8251 cm^-1  (     15.9137 THz )

 # k point    48 : (  0.4700,  0.4700,  0.0000)
   Mode, Frequency 
      1    220.3155 cm^-1  (      6.6049 THz )
      2    220.3155 cm^-1  (      6.6049 THz )
      3    419.5743 cm^-1  (     12.5785 THz )
      4    458.5448 cm^-1  (     13.7468 THz )
      5    530.1682 cm^-1  (     15.8940 THz )
      6    530.1682 cm^-1  (     15.8940 THz )

 # k point    49 : (  0.4800,  0.4800,  0.0000)
   Mode, Frequency 
      1    221.0699 cm^-1  (      6.6275 THz )
      2    221.0699 cm^-1  (      6.6275 THz )
      3    426.3718 cm^-1  (     12.7823 THz )
      4    452.3555 cm^-1  (     13.5613 THz )
      5    529.6949 cm^-1  (     15.8799 THz )
      6    529.6949 cm^-1  (     15.8799 THz )

 # k point    50 : (  0.4900,  0.4900,  0.0000)
   Mode, Frequency 
      1    221.5242 cm^-1  (      6.6411 THz )
      2    221.5242 cm^-1  (      6.6411 THz )
      3    433.0497 cm^-1  (     12.9825 THz )
      4    446.0425 cm^-1  (     13.3720 THz )
      5    529.4093 cm^-1  (     15.8713 THz )
      6    529.4093 cm^-1  (     15.8713 THz )

 # k point    51 : (  0.5000,  0.5000,  0.0000)
   Mode, Frequency 
      1    221.6758 cm^-1  (      6.6457 THz )
      2    221.6758 cm^-1  (      6.6457 THz )
      3    439.6070 cm^-1  (     13.1791 THz )
      4    439.6070 cm^-1  (     13.1791 THz )
      5    529.3139 cm^-1  (     15.8684 THz )
      6    529.3139 cm^-1  (     15.8684 THz )

 # k point    52 : (  0.5000,  0.5000,  1.0000)
   Mode, Frequency 
      1    221.6758 cm^-1  (      6.6457 THz )
      2    221.6758 cm^-1  (      6.6457 THz )
      3    439.6070 cm^-1  (     13.1791 THz )
      4    439.6070 cm^-1  (     13.1791 THz )
      5    529.3139 cm^-1  (     15.8684 THz )
      6    529.3139 cm^-1  (     15.8684 THz )

 # k point    53 : (  0.4900,  0.4900,  0.9800)
   Mode, Frequency 
      1    221.5664 cm^-1  (      6.6424 THz )
      2    222.1603 cm^-1  (      6.6602 THz )
      3    439.2531 cm^-1  (     13.1685 THz )
      4    439.4728 cm^-1  (     13.1751 THz )
      5    529.3916 cm^-1  (     15.8708 THz )
      6    529.4839 cm^-1  (     15.8735 THz )

 # k point    54 : (  0.4800,  0.4800,  0.9600)
   Mode, Frequency 
      1    221.2384 cm^-1  (      6.6326 THz )
      2    223.5965 cm^-1  (      6.7033 THz )
      3    438.2034 cm^-1  (     13.1370 THz )
      4    439.0754 cm^-1  (     13.1631 THz )
      5    529.6246 cm^-1  (     15.8777 THz )
      6    529.9835 cm^-1  (     15.8885 THz )

 # k point    55 : (  0.4700,  0.4700,  0.9400)
   Mode, Frequency 
      1    220.6920 cm^-1  (      6.6162 THz )
      2    225.9338 cm^-1  (      6.7733 THz )
      3    436.4908 cm^-1  (     13.0857 THz )
      4    438.4305 cm^-1  (     13.1438 THz )
      5    530.0116 cm^-1  (     15.8893 THz )
      6    530.7824 cm^-1  (     15.9125 THz )

 # k point    56 : (  0.4600,  0.4600,  0.9200)
   Mode, Frequency 
      1    219.9278 cm^-1  (      6.5933 THz )
      2    229.0901 cm^-1  (      6.8679 THz )
      3    434.1650 cm^-1  (     13.0159 THz )
      4    437.5647 cm^-1  (     13.1179 THz )
      5    530.5508 cm^-1  (     15.9055 THz )
      6    531.8362 cm^-1  (     15.9440 THz )

 # k point    57 : (  0.4500,  0.4500,  0.9000)
   Mode, Frequency 
      1    218.9465 cm^-1  (      6.5639 THz )
      2    232.9551 cm^-1  (      6.9838 THz )
      3    431.2851 cm^-1  (     12.9296 THz )
      4    436.5170 cm^-1  (     13.0865 THz )
      5    531.2396 cm^-1  (     15.9262 THz )
      6    533.0925 cm^-1  (     15.9817 THz )

 # k point    58 : (  0.4400,  0.4400,  0.8800)
   Mode, Frequency 
      1    217.7492 cm^-1  (      6.5280 THz )
      2    237.3936 cm^-1  (      7.1169 THz )
      3    427.9136 cm^-1  (     12.8285 THz )
      4    435.3395 cm^-1  (     13.0512 THz )
      5    532.0747 cm^-1  (     15.9512 THz )
      6    534.4971 cm^-1  (     16.0238 THz )

 # k point    59 : (  0.4300,  0.4300,  0.8600)
   Mode, Frequency 
      1    216.3370 cm^-1  (      6.4856 THz )
      2    242.2484 cm^-1  (      7.2624 THz )
      3    424.1117 cm^-1  (     12.7145 THz )
      4    434.0997 cm^-1  (     13.0140 THz )
      5    533.0521 cm^-1  (     15.9805 THz )
      6    535.9991 cm^-1  (     16.0688 THz )

 # k point    60 : (  0.4200,  0.4200,  0.8400)
   Mode, Frequency 
      1    214.7112 cm^-1  (      6.4369 THz )
      2    247.3437 cm^-1  (      7.4152 THz )
      3    419.9353 cm^-1  (     12.5893 THz )
      4    432.8813 cm^-1  (     12.9775 THz )
      5    534.1672 cm^-1  (     16.0139 THz )
      6    537.5536 cm^-1  (     16.1155 THz )

 # k point    61 : (  0.4100,  0.4100,  0.8200)
   Mode, Frequency 
      1    212.8736 cm^-1  (      6.3818 THz )
      2    252.4869 cm^-1  (      7.5694 THz )
      3    415.4338 cm^-1  (     12.4544 THz )
      4    431.7862 cm^-1  (     12.9446 THz )
      5    535.4148 cm^-1  (     16.0513 THz )
      6    539.1234 cm^-1  (     16.1625 THz )

 # k point    62 : (  0.4000,  0.4000,  0.8000)
   Mode, Frequency 
      1    210.8259 cm^-1  (      6.3204 THz )
      2    257.4717 cm^-1  (      7.7188 THz )
      3    410.6491 cm^-1  (     12.3110 THz )
      4    430.9337 cm^-1  (     12.9191 THz )
      5    536.7891 cm^-1  (     16.0925 THz )
      6    540.6793 cm^-1  (     16.2092 THz )

 # k point    63 : (  0.3900,  0.3900,  0.7800)
   Mode, Frequency 
      1    208.5701 cm^-1  (      6.2528 THz )
      2    262.0828 cm^-1  (      7.8570 THz )
      3    405.6154 cm^-1  (     12.1600 THz )
      4    430.4583 cm^-1  (     12.9048 THz )
      5    538.2836 cm^-1  (     16.1373 THz )
      6    542.2005 cm^-1  (     16.2548 THz )

 # k point    64 : (  0.3800,  0.3800,  0.7600)
   Mode, Frequency 
      1    206.1085 cm^-1  (      6.1790 THz )
      2    266.1031 cm^-1  (      7.9776 THz )
      3    400.3591 cm^-1  (     12.0025 THz )
      4    430.5031 cm^-1  (     12.9062 THz )
      5    539.8914 cm^-1  (     16.1855 THz )
      6    543.6734 cm^-1  (     16.2989 THz )

 # k point    65 : (  0.3700,  0.3700,  0.7400)
   Mode, Frequency 
      1    203.4435 cm^-1  (      6.0991 THz )
      2    269.3259 cm^-1  (      8.0742 THz )
      3    394.9000 cm^-1  (     11.8388 THz )
      4    431.2088 cm^-1  (     12.9273 THz )
      5    541.6054 cm^-1  (     16.2369 THz )
      6    545.0912 cm^-1  (     16.3414 THz )

 # k point    66 : (  0.3600,  0.3600,  0.7200)
   Mode, Frequency 
      1    200.5777 cm^-1  (      6.0132 THz )
      2    271.5706 cm^-1  (      8.1415 THz )
      3    389.2507 cm^-1  (     11.6694 THz )
      4    432.6975 cm^-1  (     12.9719 THz )
      5    543.4177 cm^-1  (     16.2913 THz )
      6    546.4532 cm^-1  (     16.3823 THz )

 # k point    67 : (  0.3500,  0.3500,  0.7000)
   Mode, Frequency 
      1    197.5139 cm^-1  (      5.9213 THz )
      2    272.6998 cm^-1  (      8.1753 THz )
      3    383.4180 cm^-1  (     11.4946 THz )
      4    435.0560 cm^-1  (     13.0426 THz )
      5    545.3202 cm^-1  (     16.3483 THz )
      6    547.7635 cm^-1  (     16.4215 THz )

 # k point    68 : (  0.3400,  0.3400,  0.6800)
   Mode, Frequency 
      1    194.2552 cm^-1  (      5.8236 THz )
      2    272.6331 cm^-1  (      8.1733 THz )
      3    377.4028 cm^-1  (     11.3143 THz )
      4    438.3216 cm^-1  (     13.1406 THz )
      5    547.3045 cm^-1  (     16.4078 THz )
      6    549.0310 cm^-1  (     16.4595 THz )

 # k point    69 : (  0.3300,  0.3300,  0.6600)
   Mode, Frequency 
      1    190.8049 cm^-1  (      5.7202 THz )
      2    271.3509 cm^-1  (      8.1349 THz )
      3    371.2008 cm^-1  (     11.1283 THz )
      4    442.4776 cm^-1  (     13.2651 THz )
      5    549.3620 cm^-1  (     16.4695 THz )
      6    550.2678 cm^-1  (     16.4966 THz )

 # k point    70 : (  0.3200,  0.3200,  0.6400)
   Mode, Frequency 
      1    187.1662 cm^-1  (      5.6111 THz )
      2    268.8895 cm^-1  (      8.0611 THz )
      3    364.8035 cm^-1  (     10.9365 THz )
      4    447.4580 cm^-1  (     13.4145 THz )
      5    551.4838 cm^-1  (     16.5331 THz )
      6    551.4886 cm^-1  (     16.5332 THz )

 # k point    71 : (  0.3100,  0.3100,  0.6200)
   Mode, Frequency 
      1    183.3428 cm^-1  (      5.4965 THz )
      2    265.3270 cm^-1  (      7.9543 THz )
      3    358.1981 cm^-1  (     10.7385 THz )
      4    453.1611 cm^-1  (     13.5854 THz )
      5    552.7101 cm^-1  (     16.5698 THz )
      6    553.6607 cm^-1  (     16.5983 THz )

 # k point    72 : (  0.3000,  0.3000,  0.6000)
   Mode, Frequency 
      1    179.3385 cm^-1  (      5.3764 THz )
      2    260.7666 cm^-1  (      7.8176 THz )
      3    351.3691 cm^-1  (     10.5338 THz )
      4    459.4652 cm^-1  (     13.7744 THz )
      5    553.9497 cm^-1  (     16.6070 THz )
      6    555.8837 cm^-1  (     16.6650 THz )

 # k point    73 : (  0.2900,  0.2900,  0.5800)
   Mode, Frequency 
      1    175.1571 cm^-1  (      5.2511 THz )
      2    255.3224 cm^-1  (      7.6544 THz )
      3    344.2983 cm^-1  (     10.3218 THz )
      4    466.2429 cm^-1  (     13.9776 THz )
      5    555.2251 cm^-1  (     16.6452 THz )
      6    558.1434 cm^-1  (     16.7327 THz )

 # k point    74 : (  0.2800,  0.2800,  0.5600)
   Mode, Frequency 
      1    170.8030 cm^-1  (      5.1205 THz )
      2    249.1081 cm^-1  (      7.4681 THz )
      3    336.9663 cm^-1  (     10.1020 THz )
      4    473.3716 cm^-1  (     14.1913 THz )
      5    556.5531 cm^-1  (     16.6850 THz )
      6    560.4305 cm^-1  (     16.8013 THz )

 # k point    75 : (  0.2700,  0.2700,  0.5400)
   Mode, Frequency 
      1    166.2802 cm^-1  (      4.9850 THz )
      2    242.2314 cm^-1  (      7.2619 THz )
      3    329.3528 cm^-1  (      9.8737 THz )
      4    480.7387 cm^-1  (     14.4122 THz )
      5    557.9490 cm^-1  (     16.7269 THz )
      6    562.7358 cm^-1  (     16.8704 THz )

 # k point    76 : (  0.2600,  0.2600,  0.5200)
   Mode, Frequency 
      1    161.5934 cm^-1  (      4.8444 THz )
      2    234.7901 cm^-1  (      7.0388 THz )
      3    321.4378 cm^-1  (      9.6365 THz )
      4    488.2451 cm^-1  (     14.6372 THz )
      5    559.4259 cm^-1  (     16.7712 THz )
      6    565.0499 cm^-1  (     16.9398 THz )

 # k point    77 : (  0.2500,  0.2500,  0.5000)
   Mode, Frequency 
      1    156.7471 cm^-1  (      4.6992 THz )
      2    226.8720 cm^-1  (      6.8015 THz )
      3    313.2020 cm^-1  (      9.3896 THz )
      4    495.8049 cm^-1  (     14.8639 THz )
      5    560.9941 cm^-1  (     16.8182 THz )
      6    567.3637 cm^-1  (     17.0091 THz )

 # k point    78 : (  0.2400,  0.2400,  0.4800)
   Mode, Frequency 
      1    151.7462 cm^-1  (      4.5492 THz )
      2    218.5551 cm^-1  (      6.5521 THz )
      3    304.6279 cm^-1  (      9.1325 THz )
      4    503.3447 cm^-1  (     15.0899 THz )
      5    562.6608 cm^-1  (     16.8681 THz )
      6    569.6681 cm^-1  (     17.0782 THz )

 # k point    79 : (  0.2300,  0.2300,  0.4600)
   Mode, Frequency 
      1    146.5954 cm^-1  (      4.3948 THz )
      2    209.9082 cm^-1  (      6.2929 THz )
      3    295.7003 cm^-1  (      8.8649 THz )
      4    510.8026 cm^-1  (     15.3135 THz )
      5    564.4293 cm^-1  (     16.9212 THz )
      6    571.9542 cm^-1  (     17.1468 THz )

 # k point    80 : (  0.2200,  0.2200,  0.4400)
   Mode, Frequency 
      1    141.3001 cm^-1  (      4.2361 THz )
      2    200.9926 cm^-1  (      6.0256 THz )
      3    286.4064 cm^-1  (      8.5862 THz )
      4    518.1263 cm^-1  (     15.5330 THz )
      5    566.2995 cm^-1  (     16.9772 THz )
      6    574.2132 cm^-1  (     17.2145 THz )

 # k point    81 : (  0.2100,  0.2100,  0.4200)
   Mode, Frequency 
      1    135.8652 cm^-1  (      4.0731 THz )
      2    191.8627 cm^-1  (      5.7519 THz )
      3    276.7364 cm^-1  (      8.2963 THz )
      4    525.2723 cm^-1  (     15.7473 THz )
      5    568.2675 cm^-1  (     17.0362 THz )
      6    576.4365 cm^-1  (     17.2811 THz )

 # k point    82 : (  0.2000,  0.2000,  0.4000)
   Mode, Frequency 
      1    130.2963 cm^-1  (      3.9062 THz )
      2    182.5669 cm^-1  (      5.4732 THz )
      3    266.6840 cm^-1  (      7.9950 THz )
      4    532.2038 cm^-1  (     15.9551 THz )
      5    570.3255 cm^-1  (     17.0979 THz )
      6    578.6160 cm^-1  (     17.3465 THz )

 # k point    83 : (  0.1900,  0.1900,  0.3800)
   Mode, Frequency 
      1    124.5988 cm^-1  (      3.7354 THz )
      2    173.1486 cm^-1  (      5.1909 THz )
      3    256.2459 cm^-1  (      7.6821 THz )
      4    538.8906 cm^-1  (     16.1555 THz )
      5    572.4627 cm^-1  (     17.1620 THz )
      6    580.7435 cm^-1  (     17.4103 THz )

 # k point    84 : (  0.1800,  0.1800,  0.3600)
   Mode, Frequency 
      1    118.7784 cm^-1  (      3.5609 THz )
      2    163.6463 cm^-1  (      4.9060 THz )
      3    245.4222 cm^-1  (      7.3576 THz )
      4    545.3073 cm^-1  (     16.3479 THz )
      5    574.6652 cm^-1  (     17.2280 THz )
      6    582.8112 cm^-1  (     17.4722 THz )

 # k point    85 : (  0.1700,  0.1700,  0.3400)
   Mode, Frequency 
      1    112.8407 cm^-1  (      3.3829 THz )
      2    154.0945 cm^-1  (      4.6196 THz )
      3    234.2164 cm^-1  (      7.0216 THz )
      4    551.4333 cm^-1  (     16.5316 THz )
      5    576.9163 cm^-1  (     17.2955 THz )
      6    584.8116 cm^-1  (     17.5322 THz )

 # k point    86 : (  0.1600,  0.1600,  0.3200)
   Mode, Frequency 
      1    106.7917 cm^-1  (      3.2015 THz )
      2    144.5237 cm^-1  (      4.3327 THz )
      3    222.6349 cm^-1  (      6.6744 THz )
      4    557.2514 cm^-1  (     16.7060 THz )
      5    579.1974 cm^-1  (     17.3639 THz )
      6    586.7376 cm^-1  (     17.5900 THz )

 # k point    87 : (  0.1500,  0.1500,  0.3000)
   Mode, Frequency 
      1    100.6374 cm^-1  (      3.0170 THz )
      2    134.9605 cm^-1  (      4.0460 THz )
      3    210.6869 cm^-1  (      6.3162 THz )
      4    562.7481 cm^-1  (     16.8708 THz )
      5    581.4881 cm^-1  (     17.4326 THz )
      6    588.5824 cm^-1  (     17.6453 THz )

 # k point    88 : (  0.1400,  0.1400,  0.2800)
   Mode, Frequency 
      1     94.3837 cm^-1  (      2.8296 THz )
      2    125.4282 cm^-1  (      3.7602 THz )
      3    198.3844 cm^-1  (      5.9474 THz )
      4    567.9123 cm^-1  (     17.0256 THz )
      5    583.7669 cm^-1  (     17.5009 THz )
      6    590.3394 cm^-1  (     17.6979 THz )

 # k point    89 : (  0.1300,  0.1300,  0.2600)
   Mode, Frequency 
      1     88.0368 cm^-1  (      2.6393 THz )
      2    115.9461 cm^-1  (      3.4760 THz )
      3    185.7417 cm^-1  (      5.5684 THz )
      4    572.7355 cm^-1  (     17.1702 THz )
      5    586.0115 cm^-1  (     17.5682 THz )
      6    592.0026 cm^-1  (     17.7478 THz )

 # k point    90 : (  0.1200,  0.1200,  0.2400)
   Mode, Frequency 
      1     81.6031 cm^-1  (      2.4464 THz )
      2    106.5303 cm^-1  (      3.1937 THz )
      3    172.7754 cm^-1  (      5.1797 THz )
      4    577.2110 cm^-1  (     17.3044 THz )
      5    588.1994 cm^-1  (     17.6338 THz )
      6    593.5661 cm^-1  (     17.7947 THz )

 # k point    91 : (  0.1100,  0.1100,  0.2200)
   Mode, Frequency 
      1     75.0889 cm^-1  (      2.2511 THz )
      2     97.1934 cm^-1  (      2.9138 THz )
      3    159.5040 cm^-1  (      4.7818 THz )
      4    581.3341 cm^-1  (     17.4280 THz )
      5    590.3083 cm^-1  (     17.6970 THz )
      6    595.0247 cm^-1  (     17.8384 THz )

 # k point    92 : (  0.1000,  0.1000,  0.2000)
   Mode, Frequency 
      1     68.5005 cm^-1  (      2.0536 THz )
      2     87.9444 cm^-1  (      2.6365 THz )
      3    145.9477 cm^-1  (      4.3754 THz )
      4    585.1013 cm^-1  (     17.5409 THz )
      5    592.3164 cm^-1  (     17.7572 THz )
      6    596.3733 cm^-1  (     17.8788 THz )

 # k point    93 : (  0.0900,  0.0900,  0.1800)
   Mode, Frequency 
      1     61.8446 cm^-1  (      1.8541 THz )
      2     78.7890 cm^-1  (      2.3620 THz )
      3    132.1280 cm^-1  (      3.9611 THz )
      4    588.5104 cm^-1  (     17.6431 THz )
      5    594.2029 cm^-1  (     17.8138 THz )
      6    597.6074 cm^-1  (     17.9158 THz )

 # k point    94 : (  0.0800,  0.0800,  0.1600)
   Mode, Frequency 
      1     55.1277 cm^-1  (      1.6527 THz )
      2     69.7295 cm^-1  (      2.0904 THz )
      3    118.0682 cm^-1  (      3.5396 THz )
      4    591.5599 cm^-1  (     17.7345 THz )
      5    595.9479 cm^-1  (     17.8661 THz )
      6    598.7229 cm^-1  (     17.9493 THz )

 # k point    95 : (  0.0700,  0.0700,  0.1400)
   Mode, Frequency 
      1     48.3563 cm^-1  (      1.4497 THz )
      2     60.7648 cm^-1  (      1.8217 THz )
      3    103.7922 cm^-1  (      3.1116 THz )
      4    594.2494 cm^-1  (     17.8151 THz )
      5    597.5332 cm^-1  (     17.9136 THz )
      6    599.7160 cm^-1  (     17.9790 THz )

 # k point    96 : (  0.0600,  0.0600,  0.1200)
   Mode, Frequency 
      1     41.5372 cm^-1  (      1.2453 THz )
      2     51.8909 cm^-1  (      1.5557 THz )
      3     89.3251 cm^-1  (      2.6779 THz )
      4    596.5788 cm^-1  (     17.8850 THz )
      5    598.9423 cm^-1  (     17.9558 THz )
      6    600.5833 cm^-1  (     18.0050 THz )

 # k point    97 : (  0.0500,  0.0500,  0.1000)
   Mode, Frequency 
      1     34.6772 cm^-1  (      1.0396 THz )
      2     43.1009 cm^-1  (      1.2921 THz )
      3     74.6929 cm^-1  (      2.2392 THz )
      4    598.5483 cm^-1  (     17.9440 THz )
      5    600.1604 cm^-1  (     17.9924 THz )
      6    601.3222 cm^-1  (     18.0272 THz )

 # k point    98 : (  0.0400,  0.0400,  0.0800)
   Mode, Frequency 
      1     27.7829 cm^-1  (      0.8329 THz )
      2     34.3851 cm^-1  (      1.0308 THz )
      3     59.9220 cm^-1  (      1.7964 THz )
      4    600.1585 cm^-1  (     17.9923 THz )
      5    601.1748 cm^-1  (     18.0228 THz )
      6    601.9300 cm^-1  (     18.0454 THz )

 # k point    99 : (  0.0300,  0.0300,  0.0600)
   Mode, Frequency 
      1     20.8612 cm^-1  (      0.6254 THz )
      2     25.7316 cm^-1  (      0.7714 THz )
      3     45.0396 cm^-1  (      1.3503 THz )
      4    601.4101 cm^-1  (     18.0298 THz )
      5    601.9749 cm^-1  (     18.0468 THz )
      6    602.4049 cm^-1  (     18.0596 THz )

 # k point   100 : (  0.0200,  0.0200,  0.0400)
   Mode, Frequency 
      1     13.9189 cm^-1  (      0.4173 THz )
      2     17.1267 cm^-1  (      0.5134 THz )
      3     30.0732 cm^-1  (      0.9016 THz )
      4    602.3036 cm^-1  (     18.0566 THz )
      5    602.5524 cm^-1  (     18.0641 THz )
      6    602.7451 cm^-1  (     18.0698 THz )

 # k point   101 : (  0.0100,  0.0100,  0.0200)
   Mode, Frequency 
      1      6.9629 cm^-1  (      0.2087 THz )
      2      8.5549 cm^-1  (      0.2565 THz )
      3     15.0507 cm^-1  (      0.4512 THz )
      4    602.8395 cm^-1  (     18.0727 THz )
      5    602.9013 cm^-1  (     18.0745 THz )
      6    602.9498 cm^-1  (     18.0760 THz )

 # k point   102 : (  0.0000,  0.0000,  0.0000)
   Mode, Frequency 
      1      0.0000 cm^-1  (      0.0000 THz )
      2      0.0000 cm^-1  (      0.0000 THz )
      3      0.0000 cm^-1  (      0.0000 THz )
      4    603.0180 cm^-1  (     18.0780 THz )
      5    603.0180 cm^-1  (     18.0780 THz )
      6    603.0180 cm^-1  (     18.0780 THz )

 # k point   103 : (  0.0000,  0.0000,  0.0000)
   Mode, Frequency 
      1      0.0000 cm^-1  (      0.0000 THz )
      2      0.0000 cm^-1  (      0.0000 THz )
      3      0.0000 cm^-1  (      0.0000 THz )
      4    603.0180 cm^-1  (     18.0780 THz )
      5    603.0180 cm^-1  (     18.0780 THz )
      6    603.0180 cm^-1  (     18.0780 THz )

 # k point   104 : (  0.0100,  0.0100,  0.0100)
   Mode, Frequency 
      1      4.6111 cm^-1  (      0.1382 THz )
      2      4.6111 cm^-1  (      0.1382 THz )
      3      9.3846 cm^-1  (      0.2813 THz )
      4    602.9450 cm^-1  (     18.0758 THz )
      5    602.9864 cm^-1  (     18.0771 THz )
      6    602.9864 cm^-1  (     18.0771 THz )

 # k point   105 : (  0.0200,  0.0200,  0.0200)
   Mode, Frequency 
      1      9.2192 cm^-1  (      0.2764 THz )
      2      9.2192 cm^-1  (      0.2764 THz )
      3     18.7669 cm^-1  (      0.5626 THz )
      4    602.7259 cm^-1  (     18.0693 THz )
      5    602.8915 cm^-1  (     18.0742 THz )
      6    602.8915 cm^-1  (     18.0742 THz )

 # k point   106 : (  0.0300,  0.0300,  0.0300)
   Mode, Frequency 
      1     13.8214 cm^-1  (      0.4144 THz )
      2     13.8214 cm^-1  (      0.4144 THz )
      3     28.1442 cm^-1  (      0.8437 THz )
      4    602.3609 cm^-1  (     18.0583 THz )
      5    602.7336 cm^-1  (     18.0695 THz )
      6    602.7336 cm^-1  (     18.0695 THz )

 # k point   107 : (  0.0400,  0.0400,  0.0400)
   Mode, Frequency 
      1     18.4146 cm^-1  (      0.5521 THz )
      2     18.4146 cm^-1  (      0.5521 THz )
      3     37.5142 cm^-1  (      1.1246 THz )
      4    601.8500 cm^-1  (     18.0430 THz )
      5    602.5132 cm^-1  (     18.0629 THz )
      6    602.5132 cm^-1  (     18.0629 THz )

 # k point   108 : (  0.0500,  0.0500,  0.0500)
   Mode, Frequency 
      1     22.9959 cm^-1  (      0.6894 THz )
      2     22.9959 cm^-1  (      0.6894 THz )
      3     46.8744 cm^-1  (      1.4053 THz )
      4    601.1935 cm^-1  (     18.0233 THz )
      5    602.2309 cm^-1  (     18.0544 THz )
      6    602.2309 cm^-1  (     18.0544 THz )

 # k point   109 : (  0.0600,  0.0600,  0.0600)
   Mode, Frequency 
      1     27.5622 cm^-1  (      0.8263 THz )
      2     27.5622 cm^-1  (      0.8263 THz )
      3     56.2224 cm^-1  (      1.6855 THz )
      4    600.3914 cm^-1  (     17.9993 THz )
      5    601.8875 cm^-1  (     18.0441 THz )
      6    601.8875 cm^-1  (     18.0441 THz )

 # k point   110 : (  0.0700,  0.0700,  0.0700)
   Mode, Frequency 
      1     32.1104 cm^-1  (      0.9626 THz )
      2     32.1104 cm^-1  (      0.9626 THz )
      3     65.5557 cm^-1  (      1.9653 THz )
      4    599.4441 cm^-1  (     17.9709 THz )
      5    601.4841 cm^-1  (     18.0320 THz )
      6    601.4841 cm^-1  (     18.0320 THz )

 # k point   111 : (  0.0800,  0.0800,  0.0800)
   Mode, Frequency 
      1     36.6374 cm^-1  (      1.0984 THz )
      2     36.6374 cm^-1  (      1.0984 THz )
      3     74.8719 cm^-1  (      2.2446 THz )
      4    598.3519 cm^-1  (     17.9381 THz )
      5    601.0218 cm^-1  (     18.0182 THz )
      6    601.0218 cm^-1  (     18.0182 THz )

 # k point   112 : (  0.0900,  0.0900,  0.0900)
   Mode, Frequency 
      1     41.1401 cm^-1  (      1.2333 THz )
      2     41.1401 cm^-1  (      1.2333 THz )
      3     84.1685 cm^-1  (      2.5233 THz )
      4    597.1152 cm^-1  (     17.9011 THz )
      5    600.5020 cm^-1  (     18.0026 THz )
      6    600.5020 cm^-1  (     18.0026 THz )

 # k point   113 : (  0.1000,  0.1000,  0.1000)
   Mode, Frequency 
      1     45.6152 cm^-1  (      1.3675 THz )
      2     45.6152 cm^-1  (      1.3675 THz )
      3     93.4431 cm^-1  (      2.8014 THz )
      4    595.7342 cm^-1  (     17.8597 THz )
      5    599.9262 cm^-1  (     17.9853 THz )
      6    599.9262 cm^-1  (     17.9853 THz )

 # k point   114 : (  0.1100,  0.1100,  0.1100)
   Mode, Frequency 
      1     50.0595 cm^-1  (      1.5007 THz )
      2     50.0595 cm^-1  (      1.5007 THz )
      3    102.6931 cm^-1  (      3.0787 THz )
      4    594.2096 cm^-1  (     17.8140 THz )
      5    599.2961 cm^-1  (     17.9664 THz )
      6    599.2961 cm^-1  (     17.9664 THz )

 # k point   115 : (  0.1200,  0.1200,  0.1200)
   Mode, Frequency 
      1     54.4697 cm^-1  (      1.6330 THz )
      2     54.4697 cm^-1  (      1.6330 THz )
      3    111.9162 cm^-1  (      3.3552 THz )
      4    592.5417 cm^-1  (     17.7640 THz )
      5    598.6138 cm^-1  (     17.9460 THz )
      6    598.6138 cm^-1  (     17.9460 THz )

 # k point   116 : (  0.1300,  0.1300,  0.1300)
   Mode, Frequency 
      1     58.8423 cm^-1  (      1.7640 THz )
      2     58.8423 cm^-1  (      1.7640 THz )
      3    121.1099 cm^-1  (      3.6308 THz )
      4    590.7312 cm^-1  (     17.7097 THz )
      5    597.8811 cm^-1  (     17.9240 THz )
      6    597.8811 cm^-1  (     17.9240 THz )

 # k point   117 : (  0.1400,  0.1400,  0.1400)
   Mode, Frequency 
      1     63.1738 cm^-1  (      1.8939 THz )
      2     63.1738 cm^-1  (      1.8939 THz )
      3    130.2716 cm^-1  (      3.9054 THz )
      4    588.7787 cm^-1  (     17.6511 THz )
      5    597.1005 cm^-1  (     17.9006 THz )
      6    597.1005 cm^-1  (     17.9006 THz )

 # k point   118 : (  0.1500,  0.1500,  0.1500)
   Mode, Frequency 
      1     67.4608 cm^-1  (      2.0224 THz )
      2     67.4608 cm^-1  (      2.0224 THz )
      3    139.3989 cm^-1  (      4.1791 THz )
      4    586.6847 cm^-1  (     17.5884 THz )
      5    596.2743 cm^-1  (     17.8759 THz )
      6    596.2743 cm^-1  (     17.8759 THz )

 # k point   119 : (  0.1600,  0.1600,  0.1600)
   Mode, Frequency 
      1     71.6995 cm^-1  (      2.1495 THz )
      2     71.6995 cm^-1  (      2.1495 THz )
      3    148.4892 cm^-1  (      4.4516 THz )
      4    584.4502 cm^-1  (     17.5214 THz )
      5    595.4053 cm^-1  (     17.8498 THz )
      6    595.4053 cm^-1  (     17.8498 THz )

 # k point   120 : (  0.1700,  0.1700,  0.1700)
   Mode, Frequency 
      1     75.8862 cm^-1  (      2.2750 THz )
      2     75.8862 cm^-1  (      2.2750 THz )
      3    157.5400 cm^-1  (      4.7229 THz )
      4    582.0758 cm^-1  (     17.4502 THz )
      5    594.4961 cm^-1  (     17.8225 THz )
      6    594.4961 cm^-1  (     17.8225 THz )

 # k point   121 : (  0.1800,  0.1800,  0.1800)
   Mode, Frequency 
      1     80.0171 cm^-1  (      2.3989 THz )
      2     80.0171 cm^-1  (      2.3989 THz )
      3    166.5488 cm^-1  (      4.9930 THz )
      4    579.5625 cm^-1  (     17.3748 THz )
      5    593.5498 cm^-1  (     17.7942 THz )
      6    593.5498 cm^-1  (     17.7942 THz )

 # k point   122 : (  0.1900,  0.1900,  0.1900)
   Mode, Frequency 
      1     84.0883 cm^-1  (      2.5209 THz )
      2     84.0883 cm^-1  (      2.5209 THz )
      3    175.5129 cm^-1  (      5.2617 THz )
      4    576.9111 cm^-1  (     17.2954 THz )
      5    592.5695 cm^-1  (     17.7648 THz )
      6    592.5695 cm^-1  (     17.7648 THz )

 # k point   123 : (  0.2000,  0.2000,  0.2000)
   Mode, Frequency 
      1     88.0958 cm^-1  (      2.6410 THz )
      2     88.0958 cm^-1  (      2.6410 THz )
      3    184.4299 cm^-1  (      5.5291 THz )
      4    574.1227 cm^-1  (     17.2118 THz )
      5    591.5585 cm^-1  (     17.7345 THz )
      6    591.5585 cm^-1  (     17.7345 THz )

 # k point   124 : (  0.2100,  0.2100,  0.2100)
   Mode, Frequency 
      1     92.0355 cm^-1  (      2.7592 THz )
      2     92.0355 cm^-1  (      2.7592 THz )
      3    193.2969 cm^-1  (      5.7949 THz )
      4    571.1984 cm^-1  (     17.1241 THz )
      5    590.5202 cm^-1  (     17.7034 THz )
      6    590.5202 cm^-1  (     17.7034 THz )

 # k point   125 : (  0.2200,  0.2200,  0.2200)
   Mode, Frequency 
      1     95.9032 cm^-1  (      2.8751 THz )
      2     95.9032 cm^-1  (      2.8751 THz )
      3    202.1114 cm^-1  (      6.0591 THz )
      4    568.1393 cm^-1  (     17.0324 THz )
      5    589.4584 cm^-1  (     17.6715 THz )
      6    589.4584 cm^-1  (     17.6715 THz )

 # k point   126 : (  0.2300,  0.2300,  0.2300)
   Mode, Frequency 
      1     99.6946 cm^-1  (      2.9888 THz )
      2     99.6946 cm^-1  (      2.9888 THz )
      3    210.8706 cm^-1  (      6.3217 THz )
      4    564.9468 cm^-1  (     16.9367 THz )
      5    588.3768 cm^-1  (     17.6391 THz )
      6    588.3768 cm^-1  (     17.6391 THz )

 # k point   127 : (  0.2400,  0.2400,  0.2400)
   Mode, Frequency 
      1    103.4054 cm^-1  (      3.1000 THz )
      2    103.4054 cm^-1  (      3.1000 THz )
      3    219.5716 cm^-1  (      6.5826 THz )
      4    561.6224 cm^-1  (     16.8370 THz )
      5    587.2794 cm^-1  (     17.6062 THz )
      6    587.2794 cm^-1  (     17.6062 THz )

 # k point   128 : (  0.2500,  0.2500,  0.2500)
   Mode, Frequency 
      1    107.0310 cm^-1  (      3.2087 THz )
      2    107.0310 cm^-1  (      3.2087 THz )
      3    228.2116 cm^-1  (      6.8416 THz )
      4    558.1674 cm^-1  (     16.7334 THz )
      5    586.1701 cm^-1  (     17.5729 THz )
      6    586.1701 cm^-1  (     17.5729 THz )

 # k point   129 : (  0.2600,  0.2600,  0.2600)
   Mode, Frequency 
      1    110.5670 cm^-1  (      3.3147 THz )
      2    110.5670 cm^-1  (      3.3147 THz )
      3    236.7876 cm^-1  (      7.0987 THz )
      4    554.5837 cm^-1  (     16.6260 THz )
      5    585.0532 cm^-1  (     17.5395 THz )
      6    585.0532 cm^-1  (     17.5395 THz )

 # k point   130 : (  0.2700,  0.2700,  0.2700)
   Mode, Frequency 
      1    114.0087 cm^-1  (      3.4179 THz )
      2    114.0087 cm^-1  (      3.4179 THz )
      3    245.2965 cm^-1  (      7.3538 THz )
      4    550.8731 cm^-1  (     16.5148 THz )
      5    583.9329 cm^-1  (     17.5059 THz )
      6    583.9329 cm^-1  (     17.5059 THz )

 # k point   131 : (  0.2800,  0.2800,  0.2800)
   Mode, Frequency 
      1    117.3515 cm^-1  (      3.5181 THz )
      2    117.3515 cm^-1  (      3.5181 THz )
      3    253.7349 cm^-1  (      7.6068 THz )
      4    547.0376 cm^-1  (     16.3998 THz )
      5    582.8138 cm^-1  (     17.4723 THz )
      6    582.8138 cm^-1  (     17.4723 THz )

 # k point   132 : (  0.2900,  0.2900,  0.2900)
   Mode, Frequency 
      1    120.5907 cm^-1  (      3.6152 THz )
      2    120.5907 cm^-1  (      3.6152 THz )
      3    262.0994 cm^-1  (      7.8575 THz )
      4    543.0796 cm^-1  (     16.2811 THz )
      5    581.7002 cm^-1  (     17.4389 THz )
      6    581.7002 cm^-1  (     17.4389 THz )

 # k point   133 : (  0.3000,  0.3000,  0.3000)
   Mode, Frequency 
      1    123.7214 cm^-1  (      3.7091 THz )
      2    123.7214 cm^-1  (      3.7091 THz )
      3    270.3863 cm^-1  (      8.1060 THz )
      4    539.0017 cm^-1  (     16.1589 THz )
      5    580.5969 cm^-1  (     17.4059 THz )
      6    580.5969 cm^-1  (     17.4059 THz )

 # k point   134 : (  0.3100,  0.3100,  0.3100)
   Mode, Frequency 
      1    126.7389 cm^-1  (      3.7995 THz )
      2    126.7389 cm^-1  (      3.7995 THz )
      3    278.5917 cm^-1  (      8.3520 THz )
      4    534.8068 cm^-1  (     16.0331 THz )
      5    579.5082 cm^-1  (     17.3732 THz )
      6    579.5082 cm^-1  (     17.3732 THz )

 # k point   135 : (  0.3200,  0.3200,  0.3200)
   Mode, Frequency 
      1    129.6384 cm^-1  (      3.8865 THz )
      2    129.6384 cm^-1  (      3.8865 THz )
      3    286.7110 cm^-1  (      8.5954 THz )
      4    530.4983 cm^-1  (     15.9039 THz )
      5    578.4391 cm^-1  (     17.3412 THz )
      6    578.4391 cm^-1  (     17.3412 THz )

 # k point   136 : (  0.3300,  0.3300,  0.3300)
   Mode, Frequency 
      1    132.4151 cm^-1  (      3.9697 THz )
      2    132.4151 cm^-1  (      3.9697 THz )
      3    294.7395 cm^-1  (      8.8361 THz )
      4    526.0802 cm^-1  (     15.7715 THz )
      5    577.3940 cm^-1  (     17.3098 THz )
      6    577.3940 cm^-1  (     17.3098 THz )

 # k point   137 : (  0.3400,  0.3400,  0.3400)
   Mode, Frequency 
      1    135.0643 cm^-1  (      4.0491 THz )
      2    135.0643 cm^-1  (      4.0491 THz )
      3    302.6715 cm^-1  (      9.0739 THz )
      4    521.5570 cm^-1  (     15.6359 THz )
      5    576.3778 cm^-1  (     17.2794 THz )
      6    576.3778 cm^-1  (     17.2794 THz )

 # k point   138 : (  0.3500,  0.3500,  0.3500)
   Mode, Frequency 
      1    137.5812 cm^-1  (      4.1246 THz )
      2    137.5812 cm^-1  (      4.1246 THz )
      3    310.5009 cm^-1  (      9.3086 THz )
      4    516.9342 cm^-1  (     15.4973 THz )
      5    575.3949 cm^-1  (     17.2499 THz )
      6    575.3949 cm^-1  (     17.2499 THz )

 # k point   139 : (  0.3600,  0.3600,  0.3600)
   Mode, Frequency 
      1    139.9612 cm^-1  (      4.1959 THz )
      2    139.9612 cm^-1  (      4.1959 THz )
      3    318.2200 cm^-1  (      9.5400 THz )
      4    512.2186 cm^-1  (     15.3559 THz )
      5    574.4501 cm^-1  (     17.2216 THz )
      6    574.4501 cm^-1  (     17.2216 THz )

 # k point   140 : (  0.3700,  0.3700,  0.3700)
   Mode, Frequency 
      1    142.1999 cm^-1  (      4.2630 THz )
      2    142.1999 cm^-1  (      4.2630 THz )
      3    325.8201 cm^-1  (      9.7678 THz )
      4    507.4181 cm^-1  (     15.2120 THz )
      5    573.5477 cm^-1  (     17.1945 THz )
      6    573.5477 cm^-1  (     17.1945 THz )

 # k point   141 : (  0.3800,  0.3800,  0.3800)
   Mode, Frequency 
      1    144.2927 cm^-1  (      4.3258 THz )
      2    144.2927 cm^-1  (      4.3258 THz )
      3    333.2902 cm^-1  (      9.9918 THz )
      4    502.5431 cm^-1  (     15.0659 THz )
      5    572.6921 cm^-1  (     17.1689 THz )
      6    572.6921 cm^-1  (     17.1689 THz )

 # k point   142 : (  0.3900,  0.3900,  0.3900)
   Mode, Frequency 
      1    146.2356 cm^-1  (      4.3840 THz )
      2    146.2356 cm^-1  (      4.3840 THz )
      3    340.6165 cm^-1  (     10.2114 THz )
      4    497.6066 cm^-1  (     14.9179 THz )
      5    571.8875 cm^-1  (     17.1448 THz )
      6    571.8875 cm^-1  (     17.1448 THz )

 # k point   143 : (  0.4000,  0.4000,  0.4000)
   Mode, Frequency 
      1    148.0244 cm^-1  (      4.4377 THz )
      2    148.0244 cm^-1  (      4.4377 THz )
      3    347.7817 cm^-1  (     10.4262 THz )
      4    492.6255 cm^-1  (     14.7685 THz )
      5    571.1380 cm^-1  (     17.1223 THz )
      6    571.1380 cm^-1  (     17.1223 THz )

 # k point   144 : (  0.4100,  0.4100,  0.4100)
   Mode, Frequency 
      1    149.6554 cm^-1  (      4.4866 THz )
      2    149.6554 cm^-1  (      4.4866 THz )
      3    354.7625 cm^-1  (     10.6355 THz )
      4    487.6223 cm^-1  (     14.6185 THz )
      5    570.4473 cm^-1  (     17.1016 THz )
      6    570.4473 cm^-1  (     17.1016 THz )

 # k point   145 : (  0.4200,  0.4200,  0.4200)
   Mode, Frequency 
      1    151.1249 cm^-1  (      4.5306 THz )
      2    151.1249 cm^-1  (      4.5306 THz )
      3    361.5279 cm^-1  (     10.8383 THz )
      4    482.6277 cm^-1  (     14.4688 THz )
      5    569.8190 cm^-1  (     17.0827 THz )
      6    569.8190 cm^-1  (     17.0827 THz )

 # k point   146 : (  0.4300,  0.4300,  0.4300)
   Mode, Frequency 
      1    152.4298 cm^-1  (      4.5697 THz )
      2    152.4298 cm^-1  (      4.5697 THz )
      3    368.0349 cm^-1  (     11.0334 THz )
      4    477.6843 cm^-1  (     14.3206 THz )
      5    569.2565 cm^-1  (     17.0659 THz )
      6    569.2565 cm^-1  (     17.0659 THz )

 # k point   147 : (  0.4400,  0.4400,  0.4400)
   Mode, Frequency 
      1    153.5669 cm^-1  (      4.6038 THz )
      2    153.5669 cm^-1  (      4.6038 THz )
      3    374.2227 cm^-1  (     11.2189 THz )
      4    472.8524 cm^-1  (     14.1758 THz )
      5    568.7626 cm^-1  (     17.0511 THz )
      6    568.7626 cm^-1  (     17.0511 THz )

 # k point   148 : (  0.4500,  0.4500,  0.4500)
   Mode, Frequency 
      1    154.5337 cm^-1  (      4.6328 THz )
      2    154.5337 cm^-1  (      4.6328 THz )
      3    380.0040 cm^-1  (     11.3922 THz )
      4    468.2190 cm^-1  (     14.0369 THz )
      5    568.3401 cm^-1  (     17.0384 THz )
      6    568.3401 cm^-1  (     17.0384 THz )

 # k point   149 : (  0.4600,  0.4600,  0.4600)
   Mode, Frequency 
      1    155.3280 cm^-1  (      4.6566 THz )
      2    155.3280 cm^-1  (      4.6566 THz )
      3    385.2521 cm^-1  (     11.5496 THz )
      4    463.9104 cm^-1  (     13.9077 THz )
      5    567.9912 cm^-1  (     17.0279 THz )
      6    567.9912 cm^-1  (     17.0279 THz )

 # k point   150 : (  0.4700,  0.4700,  0.4700)
   Mode, Frequency 
      1    155.9477 cm^-1  (      4.6752 THz )
      2    155.9477 cm^-1  (      4.6752 THz )
      3    389.7859 cm^-1  (     11.6855 THz )
      4    460.1076 cm^-1  (     13.7937 THz )
      5    567.7178 cm^-1  (     17.0198 THz )
      6    567.7178 cm^-1  (     17.0198 THz )

 # k point   151 : (  0.4800,  0.4800,  0.4800)
   Mode, Frequency 
      1    156.3915 cm^-1  (      4.6885 THz )
      2    156.3915 cm^-1  (      4.6885 THz )
      3    393.3601 cm^-1  (     11.7926 THz )
      4    457.0557 cm^-1  (     13.7022 THz )
      5    567.5214 cm^-1  (     17.0139 THz )
      6    567.5214 cm^-1  (     17.0139 THz )

 # k point   152 : (  0.4900,  0.4900,  0.4900)
   Mode, Frequency 
      1    156.6582 cm^-1  (      4.6965 THz )
      2    156.6582 cm^-1  (      4.6965 THz )
      3    395.6831 cm^-1  (     11.8623 THz )
      4    455.0461 cm^-1  (     13.6419 THz )
      5    567.4032 cm^-1  (     17.0103 THz )
      6    567.4032 cm^-1  (     17.0103 THz )

 # k point   153 : (  0.5000,  0.5000,  0.5000)
   Mode, Frequency 
      1    156.7471 cm^-1  (      4.6992 THz )
      2    156.7471 cm^-1  (      4.6992 THz )
      3    396.4937 cm^-1  (     11.8866 THz )
      4    454.3400 cm^-1  (     13.6208 THz )
      5    567.3637 cm^-1  (     17.0091 THz )
      6    567.3637 cm^-1  (     17.0091 THz )


 -----------------------------------------------------------------

 The following files are created: 
  si222.bands       : Phonon band structure

 Job finished at Wed Feb 14 15:48:45 2024

